[kuldippatel.dev/index.html]
[backblue.gif]
[fade.gif]
[index.html]
[kuldippatel.dev/css/open-iconic-bootstrap.min.css]
[kuldippatel.dev/css/animate.css]
[kuldippatel.dev/css/owl.carousel.min.css]
[kuldippatel.dev/css/owl.theme.default.min.css]
[kuldippatel.dev/css/magnific-popup.css]
[kuldippatel.dev/css/aos.css]
[kuldippatel.dev/css/ionicons.min.css]
[kuldippatel.dev/css/bootstrap-datepicker.css]
[kuldippatel.dev/css/jquery.timepicker.css]
[kuldippatel.dev/css/flaticon.css]
[kuldippatel.dev/css/icomoon.css]
[kuldippatel.dev/css/style.css]
[kuldippatel.dev/images/me.jpg]
[kuldippatel.dev/images/me-Full.png]
[kuldippatel.dev/images/waresponder.png]
[kuldippatel.dev/portfolio-single.html]
[kuldippatel.dev/images/vs2018.png]
[kuldippatel.dev/portfoli-singleo.html]
[kuldippatel.dev/js/jquery.min.js]
[kuldippatel.dev/js/jquery-migrate-3.0.1.min.js]
[kuldippatel.dev/js/popper.min.js]
[kuldippatel.dev/js/bootstrap.min.js]
[kuldippatel.dev/js/jquery.easing.1.3.js]
[kuldippatel.dev/js/jquery.waypoints.min.js]
[kuldippatel.dev/js/jquery.stellar.min.js]
[kuldippatel.dev/js/owl.carousel.min.js]
[kuldippatel.dev/js/jquery.magnific-popup.min.js]
[kuldippatel.dev/js/aos.js]
[kuldippatel.dev/js/jquery.animateNumber.min.js]
[kuldippatel.dev/js/scrollax.min.js]
[kuldippatel.dev/js/bootstrap-datepicker.js]
[kuldippatel.dev/js/jquery.timepicker.min.js]
[kuldippatel.dev/js/google-map.js]
[kuldippatel.dev/js/main.js]
[kuldippatel.dev/index.html]
[kuldippatel.dev/fonts/open-iconic/open-iconic.eot]
[kuldippatel.dev/fonts/open-iconic/open-iconicd41d.eot]
[kuldippatel.dev/fonts/open-iconic/open-iconic.woff]
[kuldippatel.dev/fonts/open-iconic/open-iconic.ttf]
[kuldippatel.dev/fonts/open-iconic/open-iconic.otf]
[kuldippatel.dev/css/open-iconic-bootstrap.min.css]
[kuldippatel.dev/css/animate.css]
[kuldippatel.dev/fonts/open-iconic/open-iconic.svg]
[kuldippatel.dev/css/owl.carousel.min.css]
[kuldippatel.dev/css/owl.theme.default.min.css]
[kuldippatel.dev/css/magnific-popup.css]
[kuldippatel.dev/css/aos.css]
[kuldippatel.dev/css/owl.video.play.html]
[kuldippatel.dev/fonts/ionicons/fonts/ionicons580c.woff2]
[kuldippatel.dev/fonts/ionicons/fonts/ionicons580c.eot]
[kuldippatel.dev/fonts/ionicons/fonts/ionicons580c.woff]
[kuldippatel.dev/fonts/ionicons/fonts/ionicons580c.ttf]
[kuldippatel.dev/css/ionicons.min.css]
[kuldippatel.dev/css/bootstrap-datepicker.css]
[kuldippatel.dev/css/jquery.timepicker.css]
[kuldippatel.dev/fonts/flaticon/font/Flaticon.eot]
[kuldippatel.dev/fonts/flaticon/font/Flaticond41d.eot]
[kuldippatel.dev/fonts/ionicons/fonts/ionicons580c.svg]
[kuldippatel.dev/fonts/flaticon/font/Flaticon.woff]
[kuldippatel.dev/fonts/flaticon/font/Flaticon.ttf]
[kuldippatel.dev/css/flaticon.css]
[kuldippatel.dev/fonts/flaticon/font/Flaticon.svg]
[kuldippatel.dev/fonts/icomoon/icomoonccfb.ttf]
[kuldippatel.dev/fonts/icomoon/icomoonccfb.eot]
[kuldippatel.dev/css/icomoon.css]
[kuldippatel.dev/css/style.css]
[kuldippatel.dev/portfolio-single.html]
[kuldippatel.dev/portfoli-singleo.html]
[kuldippatel.dev/fonts/open-iconic/open-iconic.svg]
[kuldippatel.dev/fonts/icomoon/icomoonccfb.woff]
[kuldippatel.dev/css/css/open-iconic-bootstrap.min.html]
[kuldippatel.dev/css/css/animate.html]
[kuldippatel.dev/css/css/owl.carousel.min.html]
[kuldippatel.dev/css/css/owl.theme.default.min.html]
[kuldippatel.dev/css/css/magnific-popup.html]
[kuldippatel.dev/fonts/icomoon/icomoonccfb.svg]
[kuldippatel.dev/css/css/aos.html]
[kuldippatel.dev/css/css/ionicons.min.html]
[kuldippatel.dev/css/css/bootstrap-datepicker.html]
[kuldippatel.dev/css/css/jquery.timepicker.html]
[kuldippatel.dev/css/css/flaticon.html]
[kuldippatel.dev/css/css/icomoon.html]
[kuldippatel.dev/css/css/style.html]
[kuldippatel.dev/css/images/me.html]
[kuldippatel.dev/css/images/me-Full.html]
[kuldippatel.dev/css/images/waresponder.html]
[kuldippatel.dev/css/portfolio-single.html]
[kuldippatel.dev/css/images/vs2018.html]
[kuldippatel.dev/css/portfoli-singleo.html]
[kuldippatel.dev/css/js/jquery.min.html]
[kuldippatel.dev/css/js/jquery-migrate-3.0.1.min.html]
[kuldippatel.dev/css/js/popper.min.html]
[kuldippatel.dev/css/js/bootstrap.min.html]
[kuldippatel.dev/css/js/jquery.easing.1.3.html]
[kuldippatel.dev/css/js/jquery.waypoints.min.html]
[kuldippatel.dev/css/js/jquery.stellar.min.html]
[kuldippatel.dev/css/js/owl.carousel.min.html]
[kuldippatel.dev/css/js/jquery.magnific-popup.min.html]
[kuldippatel.dev/css/js/aos.html]
[kuldippatel.dev/css/js/jquery.animateNumber.min.html]
[kuldippatel.dev/css/js/scrollax.min.html]
[kuldippatel.dev/css/js/bootstrap-datepicker.html]
[kuldippatel.dev/css/js/jquery.timepicker.min.html]
[kuldippatel.dev/css/js/google-map.html]
[kuldippatel.dev/css/owl.video.play.html]
[kuldippatel.dev/fonts/ionicons/fonts/ionicons580c.svg]
[kuldippatel.dev/fonts/flaticon/font/Flaticon.svg]
[kuldippatel.dev/css/js/main.html]
[kuldippatel.dev/fonts/icomoon/icomoonccfb.svg]
[kuldippatel.dev/css/css/css/open-iconic-bootstrap.min.html]
[kuldippatel.dev/css/css/css/animate.html]
[kuldippatel.dev/css/css/css/owl.carousel.min.html]
[kuldippatel.dev/css/css/css/owl.theme.default.min.html]
[kuldippatel.dev/css/css/css/magnific-popup.html]
[kuldippatel.dev/css/css/css/aos.html]
[kuldippatel.dev/css/css/css/ionicons.min.html]
[kuldippatel.dev/css/css/css/bootstrap-datepicker.html]
[kuldippatel.dev/css/css/css/jquery.timepicker.html]
[kuldippatel.dev/css/css/css/flaticon.html]
[kuldippatel.dev/css/css/css/icomoon.html]
[kuldippatel.dev/css/css/css/style.html]
[kuldippatel.dev/css/css/images/me.html]
[kuldippatel.dev/css/css/images/me-Full.html]
[kuldippatel.dev/css/css/images/waresponder.html]
[kuldippatel.dev/css/css/portfolio-single.html]
[kuldippatel.dev/css/css/images/vs2018.html]
[kuldippatel.dev/css/css/portfoli-singleo.html]
[kuldippatel.dev/css/css/js/jquery.min.html]
[kuldippatel.dev/css/css/js/jquery-migrate-3.0.1.min.html]
[kuldippatel.dev/css/css/js/popper.min.html]
[kuldippatel.dev/css/css/js/bootstrap.min.html]
[kuldippatel.dev/css/css/js/jquery.easing.1.3.html]
[kuldippatel.dev/css/css/js/jquery.waypoints.min.html]
[kuldippatel.dev/css/css/js/jquery.stellar.min.html]
[kuldippatel.dev/css/css/js/owl.carousel.min.html]
[kuldippatel.dev/css/css/js/jquery.magnific-popup.min.html]
[kuldippatel.dev/css/css/js/aos.html]
[kuldippatel.dev/css/css/js/jquery.animateNumber.min.html]
[kuldippatel.dev/css/css/js/scrollax.min.html]
[kuldippatel.dev/css/css/js/bootstrap-datepicker.html]
[kuldippatel.dev/css/css/js/jquery.timepicker.min.html]
[kuldippatel.dev/css/css/js/google-map.html]
[kuldippatel.dev/css/css/open-iconic-bootstrap.min.html]
[kuldippatel.dev/css/css/animate.html]
[kuldippatel.dev/css/css/owl.carousel.min.html]
[kuldippatel.dev/css/css/owl.theme.default.min.html]
[kuldippatel.dev/css/css/magnific-popup.html]
[kuldippatel.dev/css/css/aos.html]
[kuldippatel.dev/css/css/ionicons.min.html]
[kuldippatel.dev/css/css/bootstrap-datepicker.html]
[kuldippatel.dev/css/css/jquery.timepicker.html]
[kuldippatel.dev/css/css/flaticon.html]
[kuldippatel.dev/css/css/icomoon.html]
[kuldippatel.dev/css/css/style.html]
[kuldippatel.dev/css/css/js/main.html]
[kuldippatel.dev/css/images/css/open-iconic-bootstrap.min.html]
[kuldippatel.dev/css/images/css/animate.html]
[kuldippatel.dev/css/images/css/owl.carousel.min.html]
[kuldippatel.dev/css/images/css/owl.theme.default.min.html]
[kuldippatel.dev/css/images/css/magnific-popup.html]
[kuldippatel.dev/css/images/css/aos.html]
[kuldippatel.dev/css/images/css/ionicons.min.html]
[kuldippatel.dev/css/images/css/bootstrap-datepicker.html]
[kuldippatel.dev/css/images/css/jquery.timepicker.html]
[kuldippatel.dev/css/images/css/flaticon.html]
[kuldippatel.dev/css/images/css/icomoon.html]
[kuldippatel.dev/css/images/css/style.html]
[kuldippatel.dev/css/images/images/me.html]
[kuldippatel.dev/css/images/images/me-Full.html]
[kuldippatel.dev/css/images/images/waresponder.html]
[kuldippatel.dev/css/images/portfolio-single.html]
[kuldippatel.dev/css/images/images/vs2018.html]
[kuldippatel.dev/css/images/portfoli-singleo.html]
[kuldippatel.dev/css/images/js/jquery.min.html]
[kuldippatel.dev/css/images/js/jquery-migrate-3.0.1.min.html]
[kuldippatel.dev/css/images/js/popper.min.html]
[kuldippatel.dev/css/images/js/bootstrap.min.html]
[kuldippatel.dev/css/images/js/jquery.easing.1.3.html]
[kuldippatel.dev/css/images/js/jquery.waypoints.min.html]
[kuldippatel.dev/css/images/js/jquery.stellar.min.html]
[kuldippatel.dev/css/images/js/owl.carousel.min.html]
[kuldippatel.dev/css/images/js/jquery.magnific-popup.min.html]
[kuldippatel.dev/css/images/js/aos.html]
[kuldippatel.dev/css/images/js/jquery.animateNumber.min.html]
[kuldippatel.dev/css/images/js/scrollax.min.html]
[kuldippatel.dev/css/images/js/bootstrap-datepicker.html]
[kuldippatel.dev/css/images/js/jquery.timepicker.min.html]
[kuldippatel.dev/css/images/js/google-map.html]
[kuldippatel.dev/css/images/me.html]
[kuldippatel.dev/css/images/me-Full.html]
[kuldippatel.dev/css/images/waresponder.html]
[kuldippatel.dev/css/portfolio-single.html]
[kuldippatel.dev/css/images/vs2018.html]
[kuldippatel.dev/css/portfoli-singleo.html]
[kuldippatel.dev/css/images/js/main.html]
[kuldippatel.dev/css/js/css/open-iconic-bootstrap.min.html]
[kuldippatel.dev/css/js/css/animate.html]
[kuldippatel.dev/css/js/css/owl.carousel.min.html]
[kuldippatel.dev/css/js/css/owl.theme.default.min.html]
[kuldippatel.dev/css/js/css/magnific-popup.html]
[kuldippatel.dev/css/js/css/aos.html]
[kuldippatel.dev/css/js/css/ionicons.min.html]
[kuldippatel.dev/css/js/css/bootstrap-datepicker.html]
[kuldippatel.dev/css/js/css/jquery.timepicker.html]
[kuldippatel.dev/css/js/css/flaticon.html]
[kuldippatel.dev/css/js/css/icomoon.html]
[kuldippatel.dev/css/js/css/style.html]
[kuldippatel.dev/css/js/images/me.html]
[kuldippatel.dev/css/js/images/me-Full.html]
[kuldippatel.dev/css/js/images/waresponder.html]
[kuldippatel.dev/css/js/portfolio-single.html]
[kuldippatel.dev/css/js/images/vs2018.html]
[kuldippatel.dev/css/js/portfoli-singleo.html]
[kuldippatel.dev/css/js/js/jquery.min.html]
[kuldippatel.dev/css/js/js/jquery-migrate-3.0.1.min.html]
[kuldippatel.dev/css/js/js/popper.min.html]
[kuldippatel.dev/css/js/js/bootstrap.min.html]
[kuldippatel.dev/css/js/js/jquery.easing.1.3.html]
[kuldippatel.dev/css/js/js/jquery.waypoints.min.html]
[kuldippatel.dev/css/js/js/jquery.stellar.min.html]
[kuldippatel.dev/css/js/js/owl.carousel.min.html]
[kuldippatel.dev/css/js/js/jquery.magnific-popup.min.html]
[kuldippatel.dev/css/js/js/aos.html]
[kuldippatel.dev/css/js/js/jquery.animateNumber.min.html]
[kuldippatel.dev/css/js/js/scrollax.min.html]
[kuldippatel.dev/css/js/js/bootstrap-datepicker.html]
[kuldippatel.dev/css/js/js/jquery.timepicker.min.html]
[kuldippatel.dev/css/js/js/google-map.html]
[kuldippatel.dev/css/js/jquery.min.html]
[kuldippatel.dev/css/js/jquery-migrate-3.0.1.min.html]
[kuldippatel.dev/css/js/popper.min.html]
[kuldippatel.dev/css/js/bootstrap.min.html]
[kuldippatel.dev/css/js/jquery.easing.1.3.html]
[kuldippatel.dev/css/js/jquery.waypoints.min.html]
[kuldippatel.dev/css/js/jquery.stellar.min.html]
[kuldippatel.dev/css/js/owl.carousel.min.html]
[kuldippatel.dev/css/js/jquery.magnific-popup.min.html]
[kuldippatel.dev/css/js/aos.html]
[kuldippatel.dev/css/js/jquery.animateNumber.min.html]
[kuldippatel.dev/css/js/scrollax.min.html]
[kuldippatel.dev/css/js/bootstrap-datepicker.html]
[kuldippatel.dev/css/js/jquery.timepicker.min.html]
[kuldippatel.dev/css/js/google-map.html]
[kuldippatel.dev/css/js/main.html]
[kuldippatel.dev/css/js/js/main.html]
[kuldippatel.dev/css/css/css/css/open-iconic-bootstrap.min.html]
[kuldippatel.dev/css/css/css/css/animate.html]
[kuldippatel.dev/css/css/css/css/owl.carousel.min.html]
[kuldippatel.dev/css/css/css/css/owl.theme.default.min.html]
[kuldippatel.dev/css/css/css/css/magnific-popup.html]
[kuldippatel.dev/css/css/css/css/aos.html]
[kuldippatel.dev/css/css/css/css/ionicons.min.html]
[kuldippatel.dev/css/css/css/css/bootstrap-datepicker.html]
[kuldippatel.dev/css/css/css/css/jquery.timepicker.html]
[kuldippatel.dev/css/css/css/css/flaticon.html]
[kuldippatel.dev/css/css/css/css/icomoon.html]
[kuldippatel.dev/css/css/css/css/style.html]
[kuldippatel.dev/css/css/css/images/me.html]
[kuldippatel.dev/css/css/css/images/me-Full.html]
[kuldippatel.dev/css/css/css/images/waresponder.html]
[kuldippatel.dev/css/css/css/portfolio-single.html]
[kuldippatel.dev/css/css/css/images/vs2018.html]
[kuldippatel.dev/css/css/css/portfoli-singleo.html]
[kuldippatel.dev/css/css/css/js/jquery.min.html]
[kuldippatel.dev/css/css/css/js/jquery-migrate-3.0.1.min.html]
[kuldippatel.dev/css/css/css/js/popper.min.html]
[kuldippatel.dev/css/css/css/js/bootstrap.min.html]
[kuldippatel.dev/css/css/css/js/jquery.waypoints.min.html]
[kuldippatel.dev/css/css/css/js/jquery.easing.1.3.html]
[kuldippatel.dev/css/css/css/js/jquery.stellar.min.html]
[kuldippatel.dev/css/css/css/js/owl.carousel.min.html]
[kuldippatel.dev/css/css/css/js/jquery.magnific-popup.min.html]
[kuldippatel.dev/css/css/css/js/aos.html]
[kuldippatel.dev/css/css/css/js/jquery.animateNumber.min.html]
[kuldippatel.dev/css/css/css/js/scrollax.min.html]
[kuldippatel.dev/css/css/css/js/bootstrap-datepicker.html]
[kuldippatel.dev/css/css/css/js/jquery.timepicker.min.html]
[kuldippatel.dev/css/css/css/js/google-map.html]
[kuldippatel.dev/css/css/css/open-iconic-bootstrap.min.html]
[kuldippatel.dev/css/css/css/animate.html]
[kuldippatel.dev/css/css/css/owl.carousel.min.html]
[kuldippatel.dev/css/css/css/owl.theme.default.min.html]
[kuldippatel.dev/css/css/css/magnific-popup.html]
[kuldippatel.dev/css/css/css/aos.html]
[kuldippatel.dev/css/css/css/ionicons.min.html]
[kuldippatel.dev/css/css/css/bootstrap-datepicker.html]
[kuldippatel.dev/css/css/css/jquery.timepicker.html]
[kuldippatel.dev/css/css/css/flaticon.html]
[kuldippatel.dev/css/css/css/icomoon.html]
[kuldippatel.dev/css/css/css/style.html]
[kuldippatel.dev/css/css/css/js/main.html]
[kuldippatel.dev/css/css/images/css/open-iconic-bootstrap.min.html]
[kuldippatel.dev/css/css/images/css/animate.html]
[kuldippatel.dev/css/css/images/css/owl.carousel.min.html]
[kuldippatel.dev/css/css/images/css/owl.theme.default.min.html]
[kuldippatel.dev/css/css/images/css/magnific-popup.html]
[kuldippatel.dev/css/css/images/css/aos.html]
[kuldippatel.dev/css/css/images/css/ionicons.min.html]
[kuldippatel.dev/css/css/images/css/bootstrap-datepicker.html]
[kuldippatel.dev/css/css/images/css/jquery.timepicker.html]
[kuldippatel.dev/css/css/images/css/flaticon.html]
[kuldippatel.dev/css/css/images/css/icomoon.html]
[kuldippatel.dev/css/css/images/css/style.html]
[kuldippatel.dev/css/css/images/images/me.html]
[kuldippatel.dev/css/css/images/images/me-Full.html]
[kuldippatel.dev/css/css/images/images/waresponder.html]
[kuldippatel.dev/css/css/images/portfolio-single.html]
[kuldippatel.dev/css/css/images/images/vs2018.html]
[kuldippatel.dev/css/css/images/portfoli-singleo.html]
[kuldippatel.dev/css/css/images/js/jquery.min.html]
[kuldippatel.dev/css/css/images/js/jquery-migrate-3.0.1.min.html]
[kuldippatel.dev/css/css/images/js/popper.min.html]
[kuldippatel.dev/css/css/images/js/bootstrap.min.html]
[kuldippatel.dev/css/css/images/js/jquery.easing.1.3.html]
[kuldippatel.dev/css/css/images/js/jquery.waypoints.min.html]
[kuldippatel.dev/css/css/images/js/jquery.stellar.min.html]
[kuldippatel.dev/css/css/images/js/owl.carousel.min.html]
[kuldippatel.dev/css/css/images/js/jquery.magnific-popup.min.html]
[kuldippatel.dev/css/css/images/js/aos.html]
[kuldippatel.dev/css/css/images/js/jquery.animateNumber.min.html]
[kuldippatel.dev/css/css/images/js/scrollax.min.html]
[kuldippatel.dev/css/css/images/js/bootstrap-datepicker.html]
[kuldippatel.dev/css/css/images/js/jquery.timepicker.min.html]
[kuldippatel.dev/css/css/images/js/google-map.html]
[kuldippatel.dev/css/css/images/me.html]
[kuldippatel.dev/css/css/images/me-Full.html]
[kuldippatel.dev/css/css/images/waresponder.html]
[kuldippatel.dev/css/css/portfolio-single.html]
[kuldippatel.dev/css/css/images/vs2018.html]
[kuldippatel.dev/css/css/portfoli-singleo.html]
[kuldippatel.dev/css/css/images/js/main.html]
[kuldippatel.dev/css/css/js/css/open-iconic-bootstrap.min.html]
[kuldippatel.dev/css/css/js/css/animate.html]
[kuldippatel.dev/css/css/js/css/owl.carousel.min.html]
[kuldippatel.dev/css/css/js/css/owl.theme.default.min.html]
[kuldippatel.dev/css/css/js/css/magnific-popup.html]
[kuldippatel.dev/css/css/js/css/aos.html]
[kuldippatel.dev/css/css/js/css/ionicons.min.html]
[kuldippatel.dev/css/css/js/css/bootstrap-datepicker.html]
[kuldippatel.dev/css/css/js/css/jquery.timepicker.html]
[kuldippatel.dev/css/css/js/css/flaticon.html]
[kuldippatel.dev/css/css/js/css/icomoon.html]
[kuldippatel.dev/css/css/js/css/style.html]
[kuldippatel.dev/css/css/js/images/me.html]
[kuldippatel.dev/css/css/js/images/me-Full.html]
[kuldippatel.dev/css/css/js/images/waresponder.html]
[kuldippatel.dev/css/css/js/portfolio-single.html]
[kuldippatel.dev/css/css/js/images/vs2018.html]
[kuldippatel.dev/css/css/js/portfoli-singleo.html]
[kuldippatel.dev/css/css/js/js/jquery.min.html]
[kuldippatel.dev/css/css/js/js/jquery-migrate-3.0.1.min.html]
[kuldippatel.dev/css/css/js/js/popper.min.html]
[kuldippatel.dev/css/css/js/js/bootstrap.min.html]
[kuldippatel.dev/css/css/js/js/jquery.easing.1.3.html]
[kuldippatel.dev/css/css/js/js/jquery.waypoints.min.html]
[kuldippatel.dev/css/css/js/js/jquery.stellar.min.html]
[kuldippatel.dev/css/css/js/js/owl.carousel.min.html]
[kuldippatel.dev/css/css/js/js/jquery.magnific-popup.min.html]
[kuldippatel.dev/css/css/js/js/aos.html]
[kuldippatel.dev/css/css/js/js/jquery.animateNumber.min.html]
[kuldippatel.dev/css/css/js/js/scrollax.min.html]
[kuldippatel.dev/css/css/js/js/bootstrap-datepicker.html]
[kuldippatel.dev/css/css/js/js/jquery.timepicker.min.html]
[kuldippatel.dev/css/css/js/js/google-map.html]
[kuldippatel.dev/css/css/js/jquery.min.html]
[kuldippatel.dev/css/css/js/jquery-migrate-3.0.1.min.html]
[kuldippatel.dev/css/css/js/popper.min.html]
[kuldippatel.dev/css/css/js/bootstrap.min.html]
[kuldippatel.dev/css/css/js/jquery.easing.1.3.html]
[kuldippatel.dev/css/css/js/jquery.waypoints.min.html]
[kuldippatel.dev/css/css/js/jquery.stellar.min.html]
[kuldippatel.dev/css/css/js/owl.carousel.min.html]
[kuldippatel.dev/css/css/js/jquery.magnific-popup.min.html]
[kuldippatel.dev/css/css/js/aos.html]
[kuldippatel.dev/css/css/js/jquery.animateNumber.min.html]
[kuldippatel.dev/css/css/js/scrollax.min.html]
[kuldippatel.dev/css/css/js/bootstrap-datepicker.html]
[kuldippatel.dev/css/css/js/jquery.timepicker.min.html]
[kuldippatel.dev/css/css/js/google-map.html]
[kuldippatel.dev/css/css/js/main.html]
[kuldippatel.dev/css/css/js/js/main.html]
[kuldippatel.dev/css/images/css/css/open-iconic-bootstrap.min.html]
[kuldippatel.dev/css/images/css/css/animate.html]
[kuldippatel.dev/css/images/css/css/owl.carousel.min.html]
[kuldippatel.dev/css/images/css/css/owl.theme.default.min.html]
[kuldippatel.dev/css/images/css/css/magnific-popup.html]
[kuldippatel.dev/css/images/css/css/aos.html]
[kuldippatel.dev/css/images/css/css/ionicons.min.html]
[kuldippatel.dev/css/images/css/css/bootstrap-datepicker.html]
[kuldippatel.dev/css/images/css/css/jquery.timepicker.html]
[kuldippatel.dev/css/images/css/css/flaticon.html]
[kuldippatel.dev/css/images/css/css/icomoon.html]
[kuldippatel.dev/css/images/css/css/style.html]
[kuldippatel.dev/css/images/css/images/me.html]
[kuldippatel.dev/css/images/css/images/me-Full.html]
[kuldippatel.dev/css/images/css/images/waresponder.html]
[kuldippatel.dev/css/images/css/portfolio-single.html]
[kuldippatel.dev/css/images/css/images/vs2018.html]
[kuldippatel.dev/css/images/css/portfoli-singleo.html]
[kuldippatel.dev/css/images/css/js/jquery.min.html]
[kuldippatel.dev/css/images/css/js/jquery-migrate-3.0.1.min.html]
[kuldippatel.dev/css/images/css/js/popper.min.html]
[kuldippatel.dev/css/images/css/js/bootstrap.min.html]
[kuldippatel.dev/css/images/css/js/jquery.easing.1.3.html]
[kuldippatel.dev/css/images/css/js/jquery.waypoints.min.html]
[kuldippatel.dev/css/images/css/js/jquery.stellar.min.html]
[kuldippatel.dev/css/images/css/js/owl.carousel.min.html]
[kuldippatel.dev/css/images/css/js/jquery.magnific-popup.min.html]
[kuldippatel.dev/css/images/css/js/aos.html]
[kuldippatel.dev/css/images/css/js/jquery.animateNumber.min.html]
[kuldippatel.dev/css/images/css/js/scrollax.min.html]
[kuldippatel.dev/css/images/css/js/bootstrap-datepicker.html]
[kuldippatel.dev/css/images/css/js/jquery.timepicker.min.html]
[kuldippatel.dev/css/images/css/js/google-map.html]
[kuldippatel.dev/css/images/css/open-iconic-bootstrap.min.html]
[kuldippatel.dev/css/images/css/animate.html]
[kuldippatel.dev/css/images/css/owl.carousel.min.html]
[kuldippatel.dev/css/images/css/owl.theme.default.min.html]
[kuldippatel.dev/css/images/css/magnific-popup.html]
[kuldippatel.dev/css/images/css/aos.html]
[kuldippatel.dev/css/images/css/ionicons.min.html]
[kuldippatel.dev/css/images/css/bootstrap-datepicker.html]
[kuldippatel.dev/css/images/css/jquery.timepicker.html]
[kuldippatel.dev/css/images/css/flaticon.html]
[kuldippatel.dev/css/images/css/icomoon.html]
[kuldippatel.dev/css/images/css/style.html]
[kuldippatel.dev/css/images/css/js/main.html]
[kuldippatel.dev/css/images/images/css/open-iconic-bootstrap.min.html]
[kuldippatel.dev/css/images/images/css/animate.html]
[kuldippatel.dev/css/images/images/css/owl.carousel.min.html]
[kuldippatel.dev/css/images/images/css/owl.theme.default.min.html]
[kuldippatel.dev/css/images/images/css/magnific-popup.html]
[kuldippatel.dev/css/images/images/css/aos.html]
[kuldippatel.dev/css/images/images/css/ionicons.min.html]
[kuldippatel.dev/css/images/images/css/bootstrap-datepicker.html]
[kuldippatel.dev/css/images/images/css/jquery.timepicker.html]
[kuldippatel.dev/css/images/images/css/flaticon.html]
[kuldippatel.dev/css/images/images/css/icomoon.html]
[kuldippatel.dev/css/images/images/css/style.html]
[kuldippatel.dev/css/images/images/images/me.html]
[kuldippatel.dev/css/images/images/images/me-Full.html]
[kuldippatel.dev/css/images/images/images/waresponder.html]
[kuldippatel.dev/css/images/images/portfolio-single.html]
[kuldippatel.dev/css/images/images/images/vs2018.html]
[kuldippatel.dev/css/images/images/portfoli-singleo.html]
[kuldippatel.dev/css/images/images/js/jquery.min.html]
[kuldippatel.dev/css/images/images/js/jquery-migrate-3.0.1.min.html]
[kuldippatel.dev/css/images/images/js/popper.min.html]
[kuldippatel.dev/css/images/images/js/bootstrap.min.html]
[kuldippatel.dev/css/images/images/js/jquery.easing.1.3.html]
[kuldippatel.dev/css/images/images/js/jquery.waypoints.min.html]
[kuldippatel.dev/css/images/images/js/jquery.stellar.min.html]
[kuldippatel.dev/css/images/images/js/owl.carousel.min.html]
[kuldippatel.dev/css/images/images/js/jquery.magnific-popup.min.html]
[kuldippatel.dev/css/images/images/js/aos.html]
[kuldippatel.dev/css/images/images/js/jquery.animateNumber.min.html]
[kuldippatel.dev/css/images/images/js/scrollax.min.html]
[kuldippatel.dev/css/images/images/js/bootstrap-datepicker.html]
[kuldippatel.dev/css/images/images/js/jquery.timepicker.min.html]
[kuldippatel.dev/css/images/images/js/google-map.html]
[kuldippatel.dev/css/images/images/me.html]
[kuldippatel.dev/css/images/images/me-Full.html]
[kuldippatel.dev/css/images/images/waresponder.html]
[kuldippatel.dev/css/images/portfolio-single.html]
[kuldippatel.dev/css/images/images/vs2018.html]
[kuldippatel.dev/css/images/portfoli-singleo.html]
[kuldippatel.dev/css/images/images/js/main.html]
[kuldippatel.dev/css/images/js/css/open-iconic-bootstrap.min.html]
[kuldippatel.dev/css/images/js/css/animate.html]
[kuldippatel.dev/css/images/js/css/owl.carousel.min.html]
[kuldippatel.dev/css/images/js/css/owl.theme.default.min.html]
[kuldippatel.dev/css/images/js/css/magnific-popup.html]
[kuldippatel.dev/css/images/js/css/aos.html]
[kuldippatel.dev/css/images/js/css/ionicons.min.html]
[kuldippatel.dev/css/images/js/css/bootstrap-datepicker.html]
[kuldippatel.dev/css/images/js/css/jquery.timepicker.html]
[kuldippatel.dev/css/images/js/css/flaticon.html]
[kuldippatel.dev/css/images/js/css/icomoon.html]
[kuldippatel.dev/css/images/js/css/style.html]
[kuldippatel.dev/css/images/js/images/me.html]
[kuldippatel.dev/css/images/js/images/me-Full.html]
[kuldippatel.dev/css/images/js/images/waresponder.html]
[kuldippatel.dev/css/images/js/portfolio-single.html]
[kuldippatel.dev/css/images/js/images/vs2018.html]
[kuldippatel.dev/css/images/js/portfoli-singleo.html]
[kuldippatel.dev/css/images/js/js/jquery.min.html]
[kuldippatel.dev/css/images/js/js/jquery-migrate-3.0.1.min.html]
[kuldippatel.dev/css/images/js/js/popper.min.html]
[kuldippatel.dev/css/images/js/js/bootstrap.min.html]
[kuldippatel.dev/css/images/js/js/jquery.easing.1.3.html]
[kuldippatel.dev/css/images/js/js/jquery.waypoints.min.html]
[kuldippatel.dev/css/images/js/js/jquery.stellar.min.html]
[kuldippatel.dev/css/images/js/js/owl.carousel.min.html]
[kuldippatel.dev/css/images/js/js/jquery.magnific-popup.min.html]
[kuldippatel.dev/css/images/js/js/aos.html]
[kuldippatel.dev/css/images/js/js/jquery.animateNumber.min.html]
[kuldippatel.dev/css/images/js/js/scrollax.min.html]
[kuldippatel.dev/css/images/js/js/bootstrap-datepicker.html]
[kuldippatel.dev/css/images/js/js/jquery.timepicker.min.html]
[kuldippatel.dev/css/images/js/js/google-map.html]
[kuldippatel.dev/css/images/js/jquery.min.html]
[kuldippatel.dev/css/images/js/jquery-migrate-3.0.1.min.html]
[kuldippatel.dev/css/images/js/popper.min.html]
[kuldippatel.dev/css/images/js/bootstrap.min.html]
[kuldippatel.dev/css/images/js/jquery.easing.1.3.html]
[kuldippatel.dev/css/images/js/jquery.waypoints.min.html]
[kuldippatel.dev/css/images/js/jquery.stellar.min.html]
[kuldippatel.dev/css/images/js/owl.carousel.min.html]
[kuldippatel.dev/css/images/js/jquery.magnific-popup.min.html]
[kuldippatel.dev/css/images/js/aos.html]
[kuldippatel.dev/css/images/js/jquery.animateNumber.min.html]
[kuldippatel.dev/css/images/js/scrollax.min.html]
[kuldippatel.dev/css/images/js/bootstrap-datepicker.html]
[kuldippatel.dev/css/images/js/jquery.timepicker.min.html]
[kuldippatel.dev/css/images/js/google-map.html]
[kuldippatel.dev/css/images/js/main.html]
[kuldippatel.dev/css/images/js/js/main.html]
[kuldippatel.dev/css/js/css/css/open-iconic-bootstrap.min.html]
[kuldippatel.dev/css/js/css/css/animate.html]
[kuldippatel.dev/css/js/css/css/owl.carousel.min.html]
[kuldippatel.dev/css/js/css/css/owl.theme.default.min.html]
[kuldippatel.dev/css/js/css/css/magnific-popup.html]
[kuldippatel.dev/css/js/css/css/aos.html]
[kuldippatel.dev/css/js/css/css/ionicons.min.html]
[kuldippatel.dev/css/js/css/css/bootstrap-datepicker.html]
[kuldippatel.dev/css/js/css/css/jquery.timepicker.html]
[kuldippatel.dev/css/js/css/css/flaticon.html]
[kuldippatel.dev/css/js/css/css/icomoon.html]
[kuldippatel.dev/css/js/css/css/style.html]
[kuldippatel.dev/css/js/css/images/me.html]
[kuldippatel.dev/css/js/css/images/me-Full.html]
[kuldippatel.dev/css/js/css/images/waresponder.html]
[kuldippatel.dev/css/js/css/portfolio-single.html]
[kuldippatel.dev/css/js/css/images/vs2018.html]
[kuldippatel.dev/css/js/css/portfoli-singleo.html]
[kuldippatel.dev/css/js/css/js/jquery.min.html]
[kuldippatel.dev/css/js/css/js/jquery-migrate-3.0.1.min.html]
[kuldippatel.dev/css/js/css/js/popper.min.html]
[kuldippatel.dev/css/js/css/js/bootstrap.min.html]
[kuldippatel.dev/css/js/css/js/jquery.easing.1.3.html]
[kuldippatel.dev/css/js/css/js/jquery.waypoints.min.html]
[kuldippatel.dev/css/js/css/js/jquery.stellar.min.html]
[kuldippatel.dev/css/js/css/js/owl.carousel.min.html]
[kuldippatel.dev/css/js/css/js/jquery.magnific-popup.min.html]
[kuldippatel.dev/css/js/css/js/aos.html]
[kuldippatel.dev/css/js/css/js/jquery.animateNumber.min.html]
[kuldippatel.dev/css/js/css/js/scrollax.min.html]
[kuldippatel.dev/css/js/css/js/bootstrap-datepicker.html]
[kuldippatel.dev/css/js/css/js/jquery.timepicker.min.html]
[kuldippatel.dev/css/js/css/js/google-map.html]
[kuldippatel.dev/css/js/css/open-iconic-bootstrap.min.html]
[kuldippatel.dev/css/js/css/animate.html]
[kuldippatel.dev/css/js/css/owl.carousel.min.html]
[kuldippatel.dev/css/js/css/owl.theme.default.min.html]
[kuldippatel.dev/css/js/css/magnific-popup.html]
[kuldippatel.dev/css/js/css/aos.html]
[kuldippatel.dev/css/js/css/ionicons.min.html]
[kuldippatel.dev/css/js/css/bootstrap-datepicker.html]
[kuldippatel.dev/css/js/css/jquery.timepicker.html]
[kuldippatel.dev/css/js/css/flaticon.html]
[kuldippatel.dev/css/js/css/icomoon.html]
[kuldippatel.dev/css/js/css/style.html]
[kuldippatel.dev/css/js/css/js/main.html]
[kuldippatel.dev/css/js/images/css/open-iconic-bootstrap.min.html]
[kuldippatel.dev/css/js/images/css/animate.html]
[kuldippatel.dev/css/js/images/css/owl.carousel.min.html]
[kuldippatel.dev/css/js/images/css/owl.theme.default.min.html]
[kuldippatel.dev/css/js/images/css/magnific-popup.html]
[kuldippatel.dev/css/js/images/css/aos.html]
[kuldippatel.dev/css/js/images/css/ionicons.min.html]
[kuldippatel.dev/css/js/images/css/jquery.timepicker.html]
[kuldippatel.dev/css/js/images/css/bootstrap-datepicker.html]
[kuldippatel.dev/css/js/images/css/flaticon.html]
[kuldippatel.dev/css/js/images/css/icomoon.html]
[kuldippatel.dev/css/js/images/css/style.html]
[kuldippatel.dev/css/js/images/images/me.html]
[kuldippatel.dev/css/js/images/images/me-Full.html]
[kuldippatel.dev/css/js/images/images/waresponder.html]
[kuldippatel.dev/css/js/images/portfolio-single.html]
[kuldippatel.dev/css/js/images/images/vs2018.html]
[kuldippatel.dev/css/js/images/portfoli-singleo.html]
[kuldippatel.dev/css/js/images/js/jquery.min.html]
[kuldippatel.dev/css/js/images/js/jquery-migrate-3.0.1.min.html]
[kuldippatel.dev/css/js/images/js/popper.min.html]
[kuldippatel.dev/css/js/images/js/bootstrap.min.html]
[kuldippatel.dev/css/js/images/js/jquery.easing.1.3.html]
[kuldippatel.dev/css/js/images/js/jquery.waypoints.min.html]
[kuldippatel.dev/css/js/images/js/jquery.stellar.min.html]
[kuldippatel.dev/css/js/images/js/owl.carousel.min.html]
[kuldippatel.dev/css/js/images/js/jquery.magnific-popup.min.html]
[kuldippatel.dev/css/js/images/js/aos.html]
[kuldippatel.dev/css/js/images/js/jquery.animateNumber.min.html]
[kuldippatel.dev/css/js/images/js/scrollax.min.html]
[kuldippatel.dev/css/js/images/js/bootstrap-datepicker.html]
[kuldippatel.dev/css/js/images/js/jquery.timepicker.min.html]
[kuldippatel.dev/css/js/images/js/google-map.html]
[kuldippatel.dev/css/js/images/me.html]
[kuldippatel.dev/css/js/images/me-Full.html]
[kuldippatel.dev/css/js/images/waresponder.html]
[kuldippatel.dev/css/js/portfolio-single.html]
[kuldippatel.dev/css/js/images/vs2018.html]
[kuldippatel.dev/css/js/portfoli-singleo.html]
[kuldippatel.dev/css/js/images/js/main.html]
[kuldippatel.dev/css/js/js/css/open-iconic-bootstrap.min.html]
[kuldippatel.dev/css/js/js/css/animate.html]
[kuldippatel.dev/css/js/js/css/owl.carousel.min.html]
[kuldippatel.dev/css/js/js/css/owl.theme.default.min.html]
[kuldippatel.dev/css/js/js/css/magnific-popup.html]
[kuldippatel.dev/css/js/js/css/aos.html]
[kuldippatel.dev/css/js/js/css/ionicons.min.html]
[kuldippatel.dev/css/js/js/css/bootstrap-datepicker.html]
[kuldippatel.dev/css/js/js/css/jquery.timepicker.html]
[kuldippatel.dev/css/js/js/css/flaticon.html]
[kuldippatel.dev/css/js/js/css/icomoon.html]
[kuldippatel.dev/css/js/js/css/style.html]
[kuldippatel.dev/css/js/js/images/me.html]
[kuldippatel.dev/css/js/js/images/me-Full.html]
[kuldippatel.dev/css/js/js/images/waresponder.html]
[kuldippatel.dev/css/js/js/portfolio-single.html]
[kuldippatel.dev/css/js/js/images/vs2018.html]
[kuldippatel.dev/css/js/js/portfoli-singleo.html]
[kuldippatel.dev/css/js/js/js/jquery.min.html]
[kuldippatel.dev/css/js/js/js/jquery-migrate-3.0.1.min.html]
[kuldippatel.dev/css/js/js/js/popper.min.html]
[kuldippatel.dev/css/js/js/js/bootstrap.min.html]
[kuldippatel.dev/css/js/js/js/jquery.easing.1.3.html]
[kuldippatel.dev/css/js/js/js/jquery.waypoints.min.html]
[kuldippatel.dev/css/js/js/js/jquery.stellar.min.html]
[kuldippatel.dev/css/js/js/js/owl.carousel.min.html]
[kuldippatel.dev/css/js/js/js/jquery.magnific-popup.min.html]
[kuldippatel.dev/css/js/js/js/aos.html]
[kuldippatel.dev/css/js/js/js/jquery.animateNumber.min.html]
[kuldippatel.dev/css/js/js/js/scrollax.min.html]
[kuldippatel.dev/css/js/js/js/bootstrap-datepicker.html]
[kuldippatel.dev/css/js/js/js/jquery.timepicker.min.html]
[kuldippatel.dev/css/js/js/js/google-map.html]
[kuldippatel.dev/css/js/js/jquery.min.html]
[kuldippatel.dev/css/js/js/jquery-migrate-3.0.1.min.html]
[kuldippatel.dev/css/js/js/popper.min.html]
[kuldippatel.dev/css/js/js/bootstrap.min.html]
[kuldippatel.dev/css/js/js/jquery.easing.1.3.html]
[kuldippatel.dev/css/js/js/jquery.waypoints.min.html]
[kuldippatel.dev/css/js/js/jquery.stellar.min.html]
[kuldippatel.dev/css/js/js/owl.carousel.min.html]
[kuldippatel.dev/css/js/js/jquery.magnific-popup.min.html]
[kuldippatel.dev/css/js/js/aos.html]
[kuldippatel.dev/css/js/js/jquery.animateNumber.min.html]
[kuldippatel.dev/css/js/js/scrollax.min.html]
[kuldippatel.dev/css/js/js/bootstrap-datepicker.html]
[kuldippatel.dev/css/js/js/jquery.timepicker.min.html]
[kuldippatel.dev/css/js/js/google-map.html]
[kuldippatel.dev/css/js/js/main.html]
[kuldippatel.dev/css/js/js/js/main.html]
[kuldippatel.dev/css/css/css/css/css/open-iconic-bootstrap.min.html]
[kuldippatel.dev/css/css/css/css/css/animate.html]
[kuldippatel.dev/css/css/css/css/css/owl.carousel.min.html]
[kuldippatel.dev/css/css/css/css/css/owl.theme.default.min.html]
[kuldippatel.dev/css/css/css/css/css/magnific-popup.html]
[kuldippatel.dev/css/css/css/css/css/aos.html]
[kuldippatel.dev/css/css/css/css/css/ionicons.min.html]
[kuldippatel.dev/css/css/css/css/css/bootstrap-datepicker.html]
[kuldippatel.dev/css/css/css/css/css/jquery.timepicker.html]
[kuldippatel.dev/css/css/css/css/css/flaticon.html]
